<?xml version="1.0" encoding="UTF-8"?>
<testng-results skipped="0" failed="0" ignored="0" total="2" passed="2">
  <reporter-output>
  </reporter-output>
  <suite name="Default suite" duration-ms="12040" started-at="2020-09-13T07:07:33Z" finished-at="2020-09-13T07:07:45Z">
    <groups>
    </groups>
    <test name="Default test" duration-ms="12040" started-at="2020-09-13T07:07:33Z" finished-at="2020-09-13T07:07:45Z">
      <class name="com.fullstack.batch3.APITest">
        <test-method status="PASS" signature="testLoginAPI()[pri:1, instance:com.fullstack.batch3.APITest@5dd91bca]" name="testLoginAPI" duration-ms="9470" started-at="2020-09-13T07:07:33Z" finished-at="2020-09-13T07:07:43Z">
          <reporter-output>
          </reporter-output>
        </test-method> <!-- testLoginAPI -->
        <test-method status="PASS" signature="testDashboardAPI()[pri:2, instance:com.fullstack.batch3.APITest@5dd91bca]" name="testDashboardAPI" duration-ms="2503" started-at="2020-09-13T07:07:43Z" finished-at="2020-09-13T07:07:45Z">
          <reporter-output>
          </reporter-output>
        </test-method> <!-- testDashboardAPI -->
      </class> <!-- com.fullstack.batch3.APITest -->
    </test> <!-- Default test -->
  </suite> <!-- Default suite -->
</testng-results>
